Unity Editor version:    2022.3.8f1 (b5eafc012955)
Branch:                  2022.3/staging
Build type:              Release
Batch mode:              YES
System name:             Linux
Distro version:          #1 SMP PREEMPT_DYNAMIC Debian 6.1.38-4 (2023-08-08)
Kernel version:          6.1.0-11-amd64
Architecture:            x86_64
Available memory:        5846 MB
Using pre-set license
Pro License: YES
Desktop is 1366 x 768 @ 60 Hz
Initialize udev device monitor.

COMMAND LINE ARGUMENTS:
Unity
-adb2
-batchMode
-noUpm
-name
AssetImportWorker0
-projectPath
/home/luis/Documents/UnityProjects/imageTrakingARcore
-logFile
Logs/AssetImportWorker0.log
-srvPort
41193
Successfully changed project path to: /home/luis/Documents/UnityProjects/imageTrakingARcore
/home/luis/Documents/UnityProjects/imageTrakingARcore
[UnityMemory] Configuration Parameters - Can be set up in boot.config
    "memorysetup-bucket-allocator-granularity=16"
    "memorysetup-bucket-allocator-bucket-count=8"
    "memorysetup-bucket-allocator-block-size=33554432"
    "memorysetup-bucket-allocator-block-count=8"
    "memorysetup-main-allocator-block-size=16777216"
    "memorysetup-thread-allocator-block-size=16777216"
    "memorysetup-gfx-main-allocator-block-size=16777216"
    "memorysetup-gfx-thread-allocator-block-size=16777216"
    "memorysetup-cache-allocator-block-size=4194304"
    "memorysetup-typetree-allocator-block-size=2097152"
    "memorysetup-profiler-bucket-allocator-granularity=16"
    "memorysetup-profiler-bucket-allocator-bucket-count=8"
    "memorysetup-profiler-bucket-allocator-block-size=33554432"
    "memorysetup-profiler-bucket-allocator-block-count=8"
    "memorysetup-profiler-allocator-block-size=16777216"
    "memorysetup-profiler-editor-allocator-block-size=1048576"
    "memorysetup-temp-allocator-size-main=16777216"
    "memorysetup-job-temp-allocator-block-size=2097152"
    "memorysetup-job-temp-allocator-block-size-background=1048576"
    "memorysetup-job-temp-allocator-reduction-small-platforms=262144"
    "memorysetup-allocator-temp-initial-block-size-main=262144"
    "memorysetup-allocator-temp-initial-block-size-worker=262144"
    "memorysetup-temp-allocator-size-background-worker=32768"
    "memorysetup-temp-allocator-size-job-worker=262144"
    "memorysetup-temp-allocator-size-preload-manager=33554432"
    "memorysetup-temp-allocator-size-nav-mesh-worker=65536"
    "memorysetup-temp-allocator-size-audio-worker=65536"
    "memorysetup-temp-allocator-size-cloud-worker=32768"
    "memorysetup-temp-allocator-size-gi-baking-worker=262144"
    "memorysetup-temp-allocator-size-gfx=262144"
Player connection [139779987321792] Host "[IP] 192.168.1.69 [Port] 0 [Flags] 2 [Guid] 77243874 [EditorId] 77243874 [Version] 1048832 [Id] LinuxEditor(16,192.168.1.69) [Debug] 1 [PackageName] LinuxEditor [ProjectName] Editor" joined multi-casting on [225.0.0.222:54997]...

Player connection [139779987321792] Host "[IP] 192.168.1.69 [Port] 0 [Flags] 2 [Guid] 77243874 [EditorId] 77243874 [Version] 1048832 [Id] LinuxEditor(16,192.168.1.69) [Debug] 1 [PackageName] LinuxEditor [ProjectName] Editor" joined alternative multi-casting on [225.0.0.222:34997]...

[Physics::Module] Initialized MultithreadedJobDispatcher with 3 workers.
Refreshing native plugins compatible for Editor in 4.66 ms, found 1 plugins.
Preloading 0 native plugins for Editor in 0.00 ms.
Initialize engine version: 2022.3.8f1 (b5eafc012955)
[Subsystems] Discovering subsystems at path /home/luis/Unity/Hub/Editor/2022.3.8f1/Editor/Data/Resources/UnitySubsystems
[Subsystems] Discovering subsystems at path /home/luis/Documents/UnityProjects/imageTrakingARcore/Assets
GLX Extensions: GLX_ARB_context_flush_control GLX_ARB_create_context GLX_ARB_create_context_no_error GLX_ARB_create_context_profile GLX_ARB_create_context_robustness GLX_ARB_fbconfig_float GLX_ARB_framebuffer_sRGB GLX_ARB_get_proc_address GLX_ARB_multisample GLX_EXT_buffer_age GLX_EXT_create_context_es2_profile GLX_EXT_create_context_es_profile GLX_EXT_fbconfig_packed_float GLX_EXT_framebuffer_sRGB GLX_EXT_no_config_context GLX_EXT_swap_control GLX_EXT_swap_control_tear GLX_EXT_texture_from_pixmap GLX_EXT_visual_info GLX_EXT_visual_rating GLX_INTEL_swap_event GLX_MESA_copy_sub_buffer GLX_MESA_query_renderer GLX_MESA_swap_control GLX_OML_swap_method GLX_OML_sync_control GLX_SGIS_multisample GLX_SGIX_fbconfig GLX_SGIX_pbuffer GLX_SGIX_visual_select_group GLX_SGI_make_current_read GLX_SGI_swap_control GLX_SGI_video_sync 
Renderer: AMD Radeon Vega 8 Graphics (raven, LLVM 15.0.6, DRM 3.49, 6.1.0-11-amd64)
Vendor:   AMD
Version:  4.6 (Core Profile) Mesa 22.3.6
GLES:     0
 GL_AMD_conservative_depth GL_AMD_depth_clamp_separate GL_AMD_draw_buffers_blend GL_AMD_framebuffer_multisample_advanced GL_AMD_gpu_shader_int64 GL_AMD_multi_draw_indirect GL_AMD_performance_monitor GL_AMD_pinned_memory GL_AMD_query_buffer_object GL_AMD_seamless_cubemap_per_texture GL_AMD_shader_stencil_export GL_AMD_shader_trinary_minmax GL_AMD_texture_texture4 GL_AMD_vertex_shader_layer GL_AMD_vertex_shader_viewport_index GL_ANGLE_texture_compression_dxt3 GL_ANGLE_texture_compression_dxt5 GL_ARB_ES2_compatibility GL_ARB_ES3_1_compatibility GL_ARB_ES3_2_compatibility GL_ARB_ES3_compatibility GL_ARB_arrays_of_arrays GL_ARB_base_instance GL_ARB_bindless_texture GL_ARB_blend_func_extended GL_ARB_buffer_storage GL_ARB_clear_buffer_object GL_ARB_clear_texture GL_ARB_clip_control GL_ARB_color_buffer_float GL_ARB_compressed_texture_pixel_storage GL_ARB_compute_shader GL_ARB_compute_variable_group_size GL_ARB_conditional_render_inverted GL_ARB_conservative_depth GL_ARB_copy_buffer GL_ARB_copy_image GL_ARB_cull_dist
ance GL_ARB_debug_output GL_ARB_depth_buffer_float GL_ARB_depth_clamp GL_ARB_derivative_control GL_ARB_direct_state_access GL_ARB_draw_buffers GL_ARB_draw_buffers_blend GL_ARB_draw_elements_base_vertex GL_ARB_draw_indirect GL_ARB_draw_instanced GL_ARB_enhanced_layouts GL_ARB_explicit_attrib_location GL_ARB_explicit_uniform_location GL_ARB_fragment_coord_conventions GL_ARB_fragment_layer_viewport GL_ARB_fragment_shader GL_ARB_framebuffer_no_attachments GL_ARB_framebuffer_object GL_ARB_framebuffer_sRGB GL_ARB_get_program_binary GL_ARB_get_texture_sub_image GL_ARB_gl_spirv GL_ARB_gpu_shader5 GL_ARB_gpu_shader_fp64 GL_ARB_gpu_shader_int64 GL_ARB_half_float_pixel GL_ARB_half_float_vertex GL_ARB_indirect_parameters GL_ARB_instanced_arrays GL_ARB_internalformat_query GL_ARB_internalformat_query2 GL_ARB_invalidate_subdata GL_ARB_map_buffer_alignment GL_ARB_map_buffer_range GL_ARB_multi_bind GL_ARB_multi_draw_indirect GL_ARB_occlusion_query2 GL_ARB_parallel_shader_compile GL_ARB_pipeline_statistics_query GL_ARB_pixel
_buffer_object GL_ARB_point_sprite GL_ARB_polygon_offset_clamp GL_ARB_program_interface_query GL_ARB_provoking_vertex GL_ARB_query_buffer_object GL_ARB_robust_buffer_access_behavior GL_ARB_robustness GL_ARB_sample_shading GL_ARB_sampler_objects GL_ARB_seamless_cube_map GL_ARB_seamless_cubemap_per_texture GL_ARB_separate_shader_objects GL_ARB_shader_atomic_counter_ops GL_ARB_shader_atomic_counters GL_ARB_shader_ballot GL_ARB_shader_bit_encoding GL_ARB_shader_clock GL_ARB_shader_draw_parameters GL_ARB_shader_group_vote GL_ARB_shader_image_load_store GL_ARB_shader_image_size GL_ARB_shader_objects GL_ARB_shader_precision GL_ARB_shader_stencil_export GL_ARB_shader_storage_buffer_object GL_ARB_shader_subroutine GL_ARB_shader_texture_image_samples GL_ARB_shader_texture_lod GL_ARB_shader_viewport_layer_array GL_ARB_shading_language_420pack GL_ARB_shading_language_include GL_ARB_shading_language_packing GL_ARB_sparse_buffer GL_ARB_sparse_texture GL_ARB_sparse_texture2 GL_ARB_sparse_texture_clamp GL_ARB_spirv_extensio
ns GL_ARB_stencil_texturing GL_ARB_sync GL_ARB_tessellation_shader GL_ARB_texture_barrier GL_ARB_texture_buffer_object GL_ARB_texture_buffer_object_rgb32 GL_ARB_texture_buffer_range GL_ARB_texture_compression_bptc GL_ARB_texture_compression_rgtc GL_ARB_texture_cube_map_array GL_ARB_texture_filter_anisotropic GL_ARB_texture_float GL_ARB_texture_gather GL_ARB_texture_mirror_clamp_to_edge GL_ARB_texture_multisample GL_ARB_texture_non_power_of_two GL_ARB_texture_query_levels GL_ARB_texture_query_lod GL_ARB_texture_rectangle GL_ARB_texture_rg GL_ARB_texture_rgb10_a2ui GL_ARB_texture_stencil8 GL_ARB_texture_storage GL_ARB_texture_storage_multisample GL_ARB_texture_swizzle GL_ARB_texture_view GL_ARB_timer_query GL_ARB_transform_feedback2 GL_ARB_transform_feedback3 GL_ARB_transform_feedback_instanced GL_ARB_transform_feedback_overflow_query GL_ARB_uniform_buffer_object GL_ARB_vertex_array_bgra GL_ARB_vertex_array_object GL_ARB_vertex_attrib_64bit GL_ARB_vertex_attrib_binding GL_ARB_vertex_buffer_object GL_ARB_vertex
_shader GL_ARB_vertex_type_10f_11f_11f_rev GL_ARB_vertex_type_2_10_10_10_rev GL_ARB_viewport_array GL_ATI_blend_equation_separate GL_ATI_meminfo GL_ATI_texture_float GL_ATI_texture_mirror_once GL_EXT_EGL_image_storage GL_EXT_EGL_sync GL_EXT_abgr GL_EXT_blend_equation_separate GL_EXT_debug_label GL_EXT_demote_to_helper_invocation GL_EXT_depth_bounds_test GL_EXT_draw_buffers2 GL_EXT_draw_instanced GL_EXT_framebuffer_blit GL_EXT_framebuffer_multisample GL_EXT_framebuffer_multisample_blit_scaled GL_EXT_framebuffer_object GL_EXT_framebuffer_sRGB GL_EXT_memory_object GL_EXT_memory_object_fd GL_EXT_packed_depth_stencil GL_EXT_packed_float GL_EXT_pixel_buffer_object GL_EXT_polygon_offset_clamp GL_EXT_provoking_vertex GL_EXT_semaphore GL_EXT_semaphore_fd GL_EXT_shader_image_load_formatted GL_EXT_shader_image_load_store GL_EXT_shader_integer_mix GL_EXT_shader_samples_identical GL_EXT_texture_array GL_EXT_texture_compression_dxt1 GL_EXT_texture_compression_rgtc GL_EXT_texture_compression_s3tc GL_EXT_texture_filter_anis
otropic GL_EXT_texture_integer GL_EXT_texture_mirror_clamp GL_EXT_texture_sRGB GL_EXT_texture_sRGB_R8 GL_EXT_texture_sRGB_decode GL_EXT_texture_shadow_lod GL_EXT_texture_shared_exponent GL_EXT_texture_snorm GL_EXT_texture_swizzle GL_EXT_timer_query GL_EXT_transform_feedback GL_EXT_vertex_array_bgra GL_EXT_vertex_attrib_64bit GL_EXT_window_rectangles GL_IBM_multimode_draw_arrays GL_INTEL_blackhole_render GL_KHR_blend_equation_advanced GL_KHR_context_flush_control GL_KHR_debug GL_KHR_no_error GL_KHR_parallel_shader_compile GL_KHR_robust_buffer_access_behavior GL_KHR_robustness GL_KHR_texture_compression_astc_ldr GL_KHR_texture_compression_astc_sliced_3d GL_MESA_framebuffer_flip_y GL_MESA_pack_invert GL_MESA_shader_integer_functions GL_MESA_texture_signed_rgba GL_NVX_gpu_memory_info GL_NV_alpha_to_coverage_dither_control GL_NV_compute_shader_derivatives GL_NV_conditional_render GL_NV_copy_image GL_NV_depth_clamp GL_NV_packed_depth_stencil GL_NV_shader_atomic_int64 GL_NV_texture_barrier GL_NV_vdpau_interop GL_OE
S_EGL_image GL_S3_s3tc
OPENGL LOG: Creating OpenGL 4.6 graphics device ; Context level  <OpenGL 4.5> ; Context handle 480101456
Initialize mono
Mono path[0] = '/home/luis/Unity/Hub/Editor/2022.3.8f1/Editor/Data/Managed'
Mono path[1] = '/home/luis/Unity/Hub/Editor/2022.3.8f1/Editor/Data/MonoBleedingEdge/lib/mono/unityjit-linux'
Mono config path = '/home/luis/Unity/Hub/Editor/2022.3.8f1/Editor/Data/MonoBleedingEdge/etc'
Using monoOptions --debugger-agent=transport=dt_socket,embedding=1,server=y,suspend=n,address=127.0.0.1:56069
Begin MonoManager ReloadAssembly
Registering precompiled unity dll's ...
Register platform support module: /home/luis/Unity/Hub/Editor/2022.3.8f1/Editor/Data/PlaybackEngines/WebGLSupport/UnityEditor.WebGL.Extensions.dll
Register platform support module: /home/luis/Unity/Hub/Editor/2022.3.8f1/Editor/Data/PlaybackEngines/AndroidPlayer/UnityEditor.Android.Extensions.dll
Register platform support module: /home/luis/Unity/Hub/Editor/2022.3.8f1/Editor/Data/PlaybackEngines/LinuxStandaloneSupport/UnityEditor.LinuxStandalone.Extensions.dll
Registered in 0.014275 seconds.
- Loaded All Assemblies, in  0.407 seconds
Native extension for LinuxStandalone target not found
Native extension for Android target not found
Android Extension - Scanning For ADB Devices 154 ms
Native extension for WebGL target not found
Mono: successfully reloaded assembly
- Finished resetting the current domain, in  0.560 seconds
Domain Reload Profiling: 966ms
	BeginReloadAssembly (82ms)
		ExecutionOrderSort (0ms)
		DisableScriptedObjects (0ms)
		BackupInstance (0ms)
		ReleaseScriptingObjects (0ms)
		CreateAndSetChildDomain (1ms)
	RebuildCommonClasses (46ms)
	RebuildNativeTypeToScriptingClass (10ms)
	initialDomainReloadingComplete (83ms)
	LoadAllAssembliesAndSetupDomain (185ms)
		LoadAssemblies (82ms)
		RebuildTransferFunctionScriptingTraits (0ms)
		AnalyzeDomain (182ms)
			TypeCache.Refresh (180ms)
				TypeCache.ScanAssembly (165ms)
			ScanForSourceGeneratedMonoScriptInfo (0ms)
			ResolveRequiredComponents (1ms)
	FinalizeReload (560ms)
		ReleaseScriptCaches (0ms)
		RebuildScriptCaches (0ms)
		SetupLoadedEditorAssemblies (480ms)
			LogAssemblyErrors (0ms)
			InitializePlatformSupportModulesInManaged (290ms)
			SetLoadedEditorAssemblies (5ms)
			RefreshPlugins (0ms)
			BeforeProcessingInitializeOnLoad (3ms)
			ProcessInitializeOnLoadAttributes (122ms)
			ProcessInitializeOnLoadMethodAttributes (61ms)
			AfterProcessingInitializeOnLoad (0ms)
			EditorAssembliesLoaded (0ms)
		ExecutionOrderSort2 (0ms)
		AwakeInstancesAfterBackupRestoration (0ms)
========================================================================
Worker process is ready to serve import requests
Begin MonoManager ReloadAssembly
- Loaded All Assemblies, in  0.694 seconds
Refreshing native plugins compatible for Editor in 2.49 ms, found 1 plugins.
Native extension for LinuxStandalone target not found
Native extension for Android target not found
Native extension for WebGL target not found
Package Manager log level set to [2]
[Package Manager] Server::EnsureServerProcessIsRunning -- launch failed, reason: Unity was launched with the -noUpm command-line argument
[Package Manager] UpmClient::Send -- Unable to send message (not connected to UPM process).
[Package Manager] Cannot connect to Unity Package Manager local server
[Package Manager] Server::EnsureServerProcessIsRunning -- launch failed, reason: Unity was launched with the -noUpm command-line argument
[Package Manager] UpmClient::Send -- Unable to send message (not connected to UPM process).
[Package Manager] Cannot connect to Unity Package Manager local server
Mono: successfully reloaded assembly
[Package Manager] Server::EnsureServerProcessIsRunning -- launch failed, reason: Unity was launched with the -noUpm command-line argument
[Package Manager] UpmClient::Send -- Unable to send message (not connected to UPM process).
[Package Manager] Cannot connect to Unity Package Manager local server
[Package Manager] Server::EnsureServerProcessIsRunning -- launch failed, reason: Unity was launched with the -noUpm command-line argument
[Package Manager] UpmClient::Send -- Unable to send message (not connected to UPM process).
[Package Manager] Cannot connect to Unity Package Manager local server
- Finished resetting the current domain, in  0.786 seconds
Domain Reload Profiling: 1477ms
	BeginReloadAssembly (136ms)
		ExecutionOrderSort (0ms)
		DisableScriptedObjects (7ms)
		BackupInstance (0ms)
		ReleaseScriptingObjects (0ms)
		CreateAndSetChildDomain (31ms)
	RebuildCommonClasses (44ms)
	RebuildNativeTypeToScriptingClass (10ms)
	initialDomainReloadingComplete (53ms)
	LoadAllAssembliesAndSetupDomain (447ms)
		LoadAssemblies (252ms)
		RebuildTransferFunctionScriptingTraits (0ms)
		AnalyzeDomain (252ms)
			TypeCache.Refresh (220ms)
				TypeCache.ScanAssembly (201ms)
			ScanForSourceGeneratedMonoScriptInfo (25ms)
			ResolveRequiredComponents (6ms)
	FinalizeReload (786ms)
		ReleaseScriptCaches (0ms)
		RebuildScriptCaches (0ms)
		SetupLoadedEditorAssemblies (568ms)
			LogAssemblyErrors (0ms)
			InitializePlatformSupportModulesInManaged (33ms)
			SetLoadedEditorAssemblies (10ms)
			RefreshPlugins (0ms)
			BeforeProcessingInitializeOnLoad (81ms)
			ProcessInitializeOnLoadAttributes (391ms)
			ProcessInitializeOnLoadMethodAttributes (46ms)
			AfterProcessingInitializeOnLoad (7ms)
			EditorAssembliesLoaded (0ms)
		ExecutionOrderSort2 (0ms)
		AwakeInstancesAfterBackupRestoration (5ms)
Launched and connected shader compiler UnityShaderCompiler after 0.01 seconds
Refreshing native plugins compatible for Editor in 2.45 ms, found 1 plugins.
Preloading 0 native plugins for Editor in 0.00 ms.
Unloading 4223 Unused Serialized files (Serialized files now loaded: 0)
Unloading 55 unused Assets / (1.4 MB). Loaded Objects now: 4682.
Memory consumption went from 143.3 MB to 141.9 MB.
Total: 8.507586 ms (FindLiveObjects: 0.333075 ms CreateObjectMapping: 0.143480 ms MarkObjects: 6.478155 ms  DeleteObjects: 1.551073 ms)

AssetImportParameters requested are different than current active one (requested -> active):
  custom:container-demuxer-ogg: 62fdf1f143b41e24485cea50d1cbac27 -> 
  custom:video-decoder-ogg-theora: a1e56fd34408186e4bbccfd4996cb3dc -> 
  custom:CustomObjectIndexerAttribute: 306bfa6df2d96854e1ebb52f3ddacab7 -> 
  custom:container-demuxer-webm: 4f35f7cbe854078d1ac9338744f61a02 -> 
  custom:container-muxer-webm: aa71ff27fc2769a1b78a27578f13a17b -> 
  custom:video-decoder-webm-vp8: 9c59270c3fd7afecdb556c50c9e8de78 -> 
  custom:SearchIndexIgnoredProperties: e643bd26f0fe6173181afceb89e7c659 -> 
  custom:AudioImporter_EditorPlatform: 2f0ff77a95e0ac474e3e8eeba4e2f7cb -> 
  custom:video-encoder-webm-vp8: eb34c28f22e8b96e1ab97ce403110664 -> 
  custom:audio-decoder-ogg-vorbis: bf7c407c2cedff20999df2af8eb42d56 -> 
  custom:audio-encoder-webm-vorbis: bf7c407c2cedff20999df2af8eb42d56 -> 
========================================================================
Received Import Request.
  Time since last request: 870.707297 seconds.
  path: Assets/Nuka-Cola Quantum.fbm/LowPoly_Glossy.png
  artifactKey: Guid(86dad52fcb9f88d158538d4e3ee607aa) Importer(815301076,1909f56bfc062723c751e8b465ee728b)
Start importing Assets/Nuka-Cola Quantum.fbm/LowPoly_Glossy.png using Guid(86dad52fcb9f88d158538d4e3ee607aa) Importer(815301076,1909f56bfc062723c751e8b465ee728b)  -> (artifact id: '9eb57f0bf0faaa2df2156df6dc4d777c') in 0.104167 seconds
Number of updated asset objects reloaded before import = 0
Number of asset objects unloaded after import = 2
========================================================================
Received Import Request.
  Time since last request: 0.000030 seconds.
  path: Assets/Nuka-Cola Quantum.fbm
  artifactKey: Guid(3cb00ccd038b1dbc4afeb018e13b88da) Importer(815301076,1909f56bfc062723c751e8b465ee728b)
Start importing Assets/Nuka-Cola Quantum.fbm using Guid(3cb00ccd038b1dbc4afeb018e13b88da) Importer(815301076,1909f56bfc062723c751e8b465ee728b)  -> (artifact id: '215d5f661592ac144d0c4455f7cb60c5') in 0.000350 seconds
Number of updated asset objects reloaded before import = 0
Number of asset objects unloaded after import = 0
========================================================================
Received Import Request.
  Time since last request: 0.000060 seconds.
  path: Assets/Nuka-Cola Quantum.fbm/LowPoly_Albedo.png
  artifactKey: Guid(f7b2ac17e4d0c973690b639edeefec10) Importer(815301076,1909f56bfc062723c751e8b465ee728b)
Start importing Assets/Nuka-Cola Quantum.fbm/LowPoly_Albedo.png using Guid(f7b2ac17e4d0c973690b639edeefec10) Importer(815301076,1909f56bfc062723c751e8b465ee728b)  -> (artifact id: '0536b8c2ed1c4f531c9c360792e26815') in 0.061766 seconds
Number of updated asset objects reloaded before import = 0
Number of asset objects unloaded after import = 2
========================================================================
Received Import Request.
  Time since last request: 0.000449 seconds.
  path: Assets/Nuka-Cola Quantum.fbm/LowPoly_Emission.png
  artifactKey: Guid(f8edfb00fe80d770ea61a192cd148ec0) Importer(815301076,1909f56bfc062723c751e8b465ee728b)
Start importing Assets/Nuka-Cola Quantum.fbm/LowPoly_Emission.png using Guid(f8edfb00fe80d770ea61a192cd148ec0) Importer(815301076,1909f56bfc062723c751e8b465ee728b)  -> (artifact id: 'b0e19a75cdb739fd10c2bc44ab73b2f0') in 0.073220 seconds
Number of updated asset objects reloaded before import = 0
Number of asset objects unloaded after import = 2
========================================================================
Received Import Request.
  Time since last request: 0.000031 seconds.
  path: Assets/Nuka-Cola Quantum.fbm/LowPoly_Roughness.png
  artifactKey: Guid(820a955b62ae64fe69a931ac102fd33e) Importer(815301076,1909f56bfc062723c751e8b465ee728b)
Start importing Assets/Nuka-Cola Quantum.fbm/LowPoly_Roughness.png using Guid(820a955b62ae64fe69a931ac102fd33e) Importer(815301076,1909f56bfc062723c751e8b465ee728b)  -> (artifact id: 'e92515bd034c557f1a419a0071f77e3e') in 0.043099 seconds
Number of updated asset objects reloaded before import = 0
Number of asset objects unloaded after import = 2
========================================================================
Received Import Request.
  Time since last request: 0.000088 seconds.
  path: Assets/Nuka-Cola Quantum.fbm/LowPoly_AO.png
  artifactKey: Guid(87cbf7124633e56f9bf90baa4152ffcd) Importer(815301076,1909f56bfc062723c751e8b465ee728b)
Start importing Assets/Nuka-Cola Quantum.fbm/LowPoly_AO.png using Guid(87cbf7124633e56f9bf90baa4152ffcd) Importer(815301076,1909f56bfc062723c751e8b465ee728b)  -> (artifact id: '082795fd787897a5f879eed6f1671d1a') in 0.084329 seconds
Number of updated asset objects reloaded before import = 0
Number of asset objects unloaded after import = 2
========================================================================
Received Import Request.
  Time since last request: 5.988246 seconds.
  path: Assets/Nuka-Cola Quantum.fbm/Nuka-Cola Quantum.fbx
  artifactKey: Guid(2686fbabf54dcc7ee9595c1bcd32a10c) Importer(815301076,1909f56bfc062723c751e8b465ee728b)
Start importing Assets/Nuka-Cola Quantum.fbm/Nuka-Cola Quantum.fbx using Guid(2686fbabf54dcc7ee9595c1bcd32a10c) Importer(815301076,1909f56bfc062723c751e8b465ee728b)  -> (artifact id: '08578cf91e4b1f4b9d5d92f7acd0ad90') in 0.541191 seconds
Number of updated asset objects reloaded before import = 0
Number of asset objects unloaded after import = 10
========================================================================
Received Import Request.
  Time since last request: 15.918257 seconds.
  path: Assets/Nuka-Cola Quantum.fbx
  artifactKey: Guid(3171e8c4ab0f8d5dc967c33fdee32f31) Importer(815301076,1909f56bfc062723c751e8b465ee728b)
Start importing Assets/Nuka-Cola Quantum.fbx using Guid(3171e8c4ab0f8d5dc967c33fdee32f31) Importer(815301076,1909f56bfc062723c751e8b465ee728b)  -> (artifact id: '3279e7640ca6df2a24a36ee5e233ab9a') in 0.026018 seconds
Number of updated asset objects reloaded before import = 0
Number of asset objects unloaded after import = 8
========================================================================
Received Import Request.
  Time since last request: 3.226537 seconds.
  path: Assets/XR
  artifactKey: Guid(ebcc76853e5b623c7b97870ad9b7aa54) Importer(815301076,1909f56bfc062723c751e8b465ee728b)
Start importing Assets/XR using Guid(ebcc76853e5b623c7b97870ad9b7aa54) Importer(815301076,1909f56bfc062723c751e8b465ee728b)  -> (artifact id: 'c38933e04d37f19bea239824646f39ec') in 0.000754 seconds
Number of updated asset objects reloaded before import = 0
Number of asset objects unloaded after import = 0
========================================================================
Received Import Request.
  Time since last request: 19.677236 seconds.
  path: Assets/Nuka-Cola Quantum.fbx
  artifactKey: Guid(3171e8c4ab0f8d5dc967c33fdee32f31) Importer(815301076,1909f56bfc062723c751e8b465ee728b)
Start importing Assets/Nuka-Cola Quantum.fbx using Guid(3171e8c4ab0f8d5dc967c33fdee32f31) Importer(815301076,1909f56bfc062723c751e8b465ee728b)  -> (artifact id: '1995edd742f56e6ab8915df7ecbc962a') in 0.128007 seconds
Number of updated asset objects reloaded before import = 0
Number of asset objects unloaded after import = 10
========================================================================
Received Import Request.
  Time since last request: 5972.748917 seconds.
  path: Assets
  artifactKey: Guid(00000000000000001000000000000000) Importer(815301076,1909f56bfc062723c751e8b465ee728b)
Start importing Assets using Guid(00000000000000001000000000000000) Importer(815301076,1909f56bfc062723c751e8b465ee728b)  -> (artifact id: '8a4fe85251aa2e89732c359432baa2c3') in 0.000423 seconds
Number of updated asset objects reloaded before import = 0
Number of asset objects unloaded after import = 0
========================================================================
Received Import Request.
  Time since last request: 7.497384 seconds.
  path: Assets/foto
  artifactKey: Guid(1ca12f11ab7a480c2a354bdf8b33c881) Importer(815301076,1909f56bfc062723c751e8b465ee728b)
Start importing Assets/foto using Guid(1ca12f11ab7a480c2a354bdf8b33c881) Importer(815301076,1909f56bfc062723c751e8b465ee728b)  -> (artifact id: 'd24561195941fd4c45be1beee8ed2a4e') in 0.000859 seconds
Number of updated asset objects reloaded before import = 0
Number of asset objects unloaded after import = 0
========================================================================
Received Import Request.
  Time since last request: 95.668705 seconds.
  path: Assets/foto/51ciZfthbTL.jpg
  artifactKey: Guid(09dbee5678fd0a67bb53a0cbaf4572e3) Importer(815301076,1909f56bfc062723c751e8b465ee728b)
Start importing Assets/foto/51ciZfthbTL.jpg using Guid(09dbee5678fd0a67bb53a0cbaf4572e3) Importer(815301076,1909f56bfc062723c751e8b465ee728b)  -> (artifact id: 'b770dca85492c412975905b3ebbd443b') in 0.028382 seconds
Number of updated asset objects reloaded before import = 0
Number of asset objects unloaded after import = 2
========================================================================
Received Import Request.
  Time since last request: 2875.511878 seconds.
  path: Assets/XR/XRGeneralSettingsPerBuildTarget.asset
  artifactKey: Guid(eca7f129e4279d37692af9a3e3653ea2) Importer(815301076,1909f56bfc062723c751e8b465ee728b)
Start importing Assets/XR/XRGeneralSettingsPerBuildTarget.asset using Guid(eca7f129e4279d37692af9a3e3653ea2) Importer(815301076,1909f56bfc062723c751e8b465ee728b)  -> (artifact id: '94d82185c4a5fe80a893249e14282587') in 0.000879 seconds
Number of updated asset objects reloaded before import = 0
Number of asset objects unloaded after import = 0
========================================================================
Received Import Request.
  Time since last request: 49.351850 seconds.
  path: Assets/ReferenceImageLibrary.asset
  artifactKey: Guid(14871d577cfa879dcaa387578992cef6) Importer(815301076,1909f56bfc062723c751e8b465ee728b)
Start importing Assets/ReferenceImageLibrary.asset using Guid(14871d577cfa879dcaa387578992cef6) Importer(815301076,1909f56bfc062723c751e8b465ee728b)  -> (artifact id: 'cf3e0e0657e5e8cbd28d200d5e864377') in 0.004471 seconds
Number of updated asset objects reloaded before import = 0
Number of asset objects unloaded after import = 1
========================================================================
Received Prepare
Refreshing native plugins compatible for Editor in 2.46 ms, found 1 plugins.
Preloading 0 native plugins for Editor in 0.00 ms.
Unloading 8 Unused Serialized files (Serialized files now loaded: 0)
Unloading 7 unused Assets / (1.3 MB). Loaded Objects now: 4730.
Memory consumption went from 74.5 MB to 73.2 MB.
Total: 30.844273 ms (FindLiveObjects: 0.292209 ms CreateObjectMapping: 0.086723 ms MarkObjects: 29.722276 ms  DeleteObjects: 0.741543 ms)

Prepare: number of updated asset objects reloaded= 0
AssetImportParameters requested are different than current active one (requested -> active):
  custom:container-demuxer-ogg: 62fdf1f143b41e24485cea50d1cbac27 -> 
  custom:video-decoder-ogg-theora: a1e56fd34408186e4bbccfd4996cb3dc -> 
  custom:CustomObjectIndexerAttribute: 306bfa6df2d96854e1ebb52f3ddacab7 -> 
  custom:container-demuxer-webm: 4f35f7cbe854078d1ac9338744f61a02 -> 
  custom:container-muxer-webm: aa71ff27fc2769a1b78a27578f13a17b -> 
  custom:video-decoder-webm-vp8: 9c59270c3fd7afecdb556c50c9e8de78 -> 
  custom:SearchIndexIgnoredProperties: e643bd26f0fe6173181afceb89e7c659 -> 
  custom:AudioImporter_EditorPlatform: 2f0ff77a95e0ac474e3e8eeba4e2f7cb -> 
  custom:video-encoder-webm-vp8: eb34c28f22e8b96e1ab97ce403110664 -> 
  custom:audio-decoder-ogg-vorbis: bf7c407c2cedff20999df2af8eb42d56 -> 
  custom:audio-encoder-webm-vorbis: bf7c407c2cedff20999df2af8eb42d56 -> 
========================================================================
Received Import Request.
  Time since last request: 1206.211002 seconds.
  path: Assets/ReferenceImageLibrary.asset
  artifactKey: Guid(14871d577cfa879dcaa387578992cef6) Importer(815301076,1909f56bfc062723c751e8b465ee728b)
Start importing Assets/ReferenceImageLibrary.asset using Guid(14871d577cfa879dcaa387578992cef6) Importer(815301076,1909f56bfc062723c751e8b465ee728b)  -> (artifact id: 'e9d11c8816885df91be9a50b1eefb259') in 0.006751 seconds
Number of updated asset objects reloaded before import = 0
Number of asset objects unloaded after import = 2
========================================================================
Received Prepare
Refreshing native plugins compatible for Editor in 5.63 ms, found 1 plugins.
Preloading 0 native plugins for Editor in 0.00 ms.
Unloading 6 Unused Serialized files (Serialized files now loaded: 0)
Unloading 7 unused Assets / (1.2 MB). Loaded Objects now: 4730.
Memory consumption went from 74.0 MB to 72.7 MB.
Total: 9.621098 ms (FindLiveObjects: 0.406864 ms CreateObjectMapping: 0.269627 ms MarkObjects: 8.038756 ms  DeleteObjects: 0.903427 ms)

Prepare: number of updated asset objects reloaded= 0
AssetImportParameters requested are different than current active one (requested -> active):
  custom:container-demuxer-ogg: 62fdf1f143b41e24485cea50d1cbac27 -> 
  custom:video-decoder-ogg-theora: a1e56fd34408186e4bbccfd4996cb3dc -> 
  custom:CustomObjectIndexerAttribute: 306bfa6df2d96854e1ebb52f3ddacab7 -> 
  custom:container-demuxer-webm: 4f35f7cbe854078d1ac9338744f61a02 -> 
  custom:container-muxer-webm: aa71ff27fc2769a1b78a27578f13a17b -> 
  custom:video-decoder-webm-vp8: 9c59270c3fd7afecdb556c50c9e8de78 -> 
  custom:SearchIndexIgnoredProperties: e643bd26f0fe6173181afceb89e7c659 -> 
  custom:AudioImporter_EditorPlatform: 2f0ff77a95e0ac474e3e8eeba4e2f7cb -> 
  custom:video-encoder-webm-vp8: eb34c28f22e8b96e1ab97ce403110664 -> 
  custom:audio-decoder-ogg-vorbis: bf7c407c2cedff20999df2af8eb42d56 -> 
  custom:audio-encoder-webm-vorbis: bf7c407c2cedff20999df2af8eb42d56 -> 
========================================================================
Received Import Request.
  Time since last request: 984.611362 seconds.
  path: Packages/com.unity.xr.arfoundation/Assets/Prefabs/AnchorTransform.prefab
  artifactKey: Guid(779f5eab1277241d6b58ee2c44909b20) Importer(815301076,1909f56bfc062723c751e8b465ee728b)
Start importing Packages/com.unity.xr.arfoundation/Assets/Prefabs/AnchorTransform.prefab using Guid(779f5eab1277241d6b58ee2c44909b20) Importer(815301076,1909f56bfc062723c751e8b465ee728b)  -> (artifact id: 'a3d08b6da17c97112ec3637b7d1358f4') in 0.047198 seconds
Number of updated asset objects reloaded before import = 0
Number of asset objects unloaded after import = 26
========================================================================
Received Import Request.
  Time since last request: 0.000022 seconds.
  path: Packages/com.unity.xr.arfoundation/Assets/Prefabs/DebugMenu.prefab
  artifactKey: Guid(ef3886a9667424aedaa5b3b3e1285dbb) Importer(815301076,1909f56bfc062723c751e8b465ee728b)
Start importing Packages/com.unity.xr.arfoundation/Assets/Prefabs/DebugMenu.prefab using Guid(ef3886a9667424aedaa5b3b3e1285dbb) Importer(815301076,1909f56bfc062723c751e8b465ee728b)  -> (artifact id: 'dfdaa9d0a9fda229fdde4072213cf530') in 0.065443 seconds
Number of updated asset objects reloaded before import = 0
Number of asset objects unloaded after import = 302
========================================================================
Received Import Request.
  Time since last request: 0.000017 seconds.
  path: Packages/com.unity.xr.arfoundation/Assets/Prefabs/ARPointCloud.prefab
  artifactKey: Guid(2a91e1f16d3bef84eb6c25e4c6a63fdb) Importer(815301076,1909f56bfc062723c751e8b465ee728b)
Start importing Packages/com.unity.xr.arfoundation/Assets/Prefabs/ARPointCloud.prefab using Guid(2a91e1f16d3bef84eb6c25e4c6a63fdb) Importer(815301076,1909f56bfc062723c751e8b465ee728b)  -> (artifact id: '547e0fd2e8188ff634f3c78dbcd5dcf5') in 0.106750 seconds
Number of updated asset objects reloaded before import = 0
Number of asset objects unloaded after import = 8
========================================================================
Received Import Request.
  Time since last request: 0.000025 seconds.
  path: Packages/com.unity.xr.arfoundation/Assets/Prefabs/DebugLineRenderer.prefab
  artifactKey: Guid(6a8d857d8706540509e4fcd02ea92f74) Importer(815301076,1909f56bfc062723c751e8b465ee728b)
Start importing Packages/com.unity.xr.arfoundation/Assets/Prefabs/DebugLineRenderer.prefab using Guid(6a8d857d8706540509e4fcd02ea92f74) Importer(815301076,1909f56bfc062723c751e8b465ee728b)  -> (artifact id: 'bd0e67e1f5435455740eefc4b0f97805') in 0.038023 seconds
Number of updated asset objects reloaded before import = 0
Number of asset objects unloaded after import = 5
========================================================================
Received Import Request.
  Time since last request: 0.000023 seconds.
  path: Packages/com.unity.xr.arfoundation/Assets/Prefabs/DefaultSimulationEnvironment.prefab
  artifactKey: Guid(c7b92c392902f4043a03a64032c02fe1) Importer(815301076,1909f56bfc062723c751e8b465ee728b)
Start importing Packages/com.unity.xr.arfoundation/Assets/Prefabs/DefaultSimulationEnvironment.prefab using Guid(c7b92c392902f4043a03a64032c02fe1) Importer(815301076,1909f56bfc062723c751e8b465ee728b)  -> (artifact id: '074dd728e2825ad0f2414e7f174559b7') in 0.253982 seconds
Number of updated asset objects reloaded before import = 0
Number of asset objects unloaded after import = 41
========================================================================
Received Import Request.
  Time since last request: 0.000026 seconds.
  path: Packages/com.unity.xr.legacyinputhelpers/Prefabs/XRRig.prefab
  artifactKey: Guid(c116b7497ab8ca34c9188965d4295e27) Importer(815301076,1909f56bfc062723c751e8b465ee728b)
Start importing Packages/com.unity.xr.legacyinputhelpers/Prefabs/XRRig.prefab using Guid(c116b7497ab8ca34c9188965d4295e27) Importer(815301076,1909f56bfc062723c751e8b465ee728b)  -> (artifact id: '5198d49f2d216825d8cd6549fe55a251') in 0.007241 seconds
Number of updated asset objects reloaded before import = 0
Number of asset objects unloaded after import = 11
========================================================================
Received Import Request.
  Time since last request: 0.000023 seconds.
  path: Packages/com.unity.xr.arfoundation/Assets/Prefabs/OriginTransform.prefab
  artifactKey: Guid(78be84f5d3a3c41f9ab0093b3f712a4e) Importer(815301076,1909f56bfc062723c751e8b465ee728b)
Start importing Packages/com.unity.xr.arfoundation/Assets/Prefabs/OriginTransform.prefab using Guid(78be84f5d3a3c41f9ab0093b3f712a4e) Importer(815301076,1909f56bfc062723c751e8b465ee728b)  -> (artifact id: '69d95fbfb605b22f1024c8e28bfb55c6') in 0.007673 seconds
Number of updated asset objects reloaded before import = 0
Number of asset objects unloaded after import = 39
========================================================================
Received Import Request.
  Time since last request: 39.025472 seconds.
  path: Assets/Scenes
  artifactKey: Guid(6068d63ec9c286f109125207ac7d1265) Importer(815301076,1909f56bfc062723c751e8b465ee728b)
Start importing Assets/Scenes using Guid(6068d63ec9c286f109125207ac7d1265) Importer(815301076,1909f56bfc062723c751e8b465ee728b)  -> (artifact id: '918b4ad309b307d67571fdaaac1ada10') in 0.000448 seconds
Number of updated asset objects reloaded before import = 0
Number of asset objects unloaded after import = 0
========================================================================
Received Import Request.
  Time since last request: 23.345481 seconds.
  path: Assets/New Prefab.prefab
  artifactKey: Guid(b2fbb6cf3d4ba22e1a0863354f205652) Importer(815301076,1909f56bfc062723c751e8b465ee728b)
Start importing Assets/New Prefab.prefab using Guid(b2fbb6cf3d4ba22e1a0863354f205652) Importer(815301076,1909f56bfc062723c751e8b465ee728b)  -> (artifact id: '53b6c0d1991b63727aa6682eee3fc0c5') in 0.004611 seconds
Number of updated asset objects reloaded before import = 0
Number of asset objects unloaded after import = 4
========================================================================
Received Import Request.
  Time since last request: 97.368937 seconds.
  path: Assets/New Prefab.prefab
  artifactKey: Guid(b2fbb6cf3d4ba22e1a0863354f205652) Importer(815301076,1909f56bfc062723c751e8b465ee728b)
Start importing Assets/New Prefab.prefab using Guid(b2fbb6cf3d4ba22e1a0863354f205652) Importer(815301076,1909f56bfc062723c751e8b465ee728b)  -> (artifact id: '986c8641b75cbffe94657ec07246419e') in 0.004235 seconds
Number of updated asset objects reloaded before import = 0
Number of asset objects unloaded after import = 4
========================================================================
Received Import Request.
  Time since last request: 7.582498 seconds.
  path: Assets/New Prefab.prefab
  artifactKey: Guid(b2fbb6cf3d4ba22e1a0863354f205652) Importer(815301076,1909f56bfc062723c751e8b465ee728b)
Start importing Assets/New Prefab.prefab using Guid(b2fbb6cf3d4ba22e1a0863354f205652) Importer(815301076,1909f56bfc062723c751e8b465ee728b)  -> (artifact id: '4a02a999cd1b2a30258f568c75d6d905') in 0.166864 seconds
Number of updated asset objects reloaded before import = 0
Number of asset objects unloaded after import = 15
========================================================================
Received Prepare
Refreshing native plugins compatible for Editor in 2.47 ms, found 1 plugins.
Preloading 0 native plugins for Editor in 0.00 ms.
Unloading 6 Unused Serialized files (Serialized files now loaded: 0)
Unloading 8 unused Assets / (1.3 MB). Loaded Objects now: 4738.
Memory consumption went from 74.9 MB to 73.6 MB.
Total: 5.518504 ms (FindLiveObjects: 0.319760 ms CreateObjectMapping: 0.087775 ms MarkObjects: 4.311016 ms  DeleteObjects: 0.798360 ms)

Prepare: number of updated asset objects reloaded= 0
AssetImportParameters requested are different than current active one (requested -> active):
  custom:container-demuxer-ogg: 62fdf1f143b41e24485cea50d1cbac27 -> 
  custom:video-decoder-ogg-theora: a1e56fd34408186e4bbccfd4996cb3dc -> 
  custom:CustomObjectIndexerAttribute: 306bfa6df2d96854e1ebb52f3ddacab7 -> 
  custom:container-demuxer-webm: 4f35f7cbe854078d1ac9338744f61a02 -> 
  custom:container-muxer-webm: aa71ff27fc2769a1b78a27578f13a17b -> 
  custom:video-decoder-webm-vp8: 9c59270c3fd7afecdb556c50c9e8de78 -> 
  custom:SearchIndexIgnoredProperties: e643bd26f0fe6173181afceb89e7c659 -> 
  custom:AudioImporter_EditorPlatform: 2f0ff77a95e0ac474e3e8eeba4e2f7cb -> 
  custom:video-encoder-webm-vp8: eb34c28f22e8b96e1ab97ce403110664 -> 
  custom:audio-decoder-ogg-vorbis: bf7c407c2cedff20999df2af8eb42d56 -> 
  custom:audio-encoder-webm-vorbis: bf7c407c2cedff20999df2af8eb42d56 -> 
========================================================================
Received Import Request.
  Time since last request: 138.646844 seconds.
  path: Assets/New Prefab.prefab
  artifactKey: Guid(b2fbb6cf3d4ba22e1a0863354f205652) Importer(815301076,1909f56bfc062723c751e8b465ee728b)
Start importing Assets/New Prefab.prefab using Guid(b2fbb6cf3d4ba22e1a0863354f205652) Importer(815301076,1909f56bfc062723c751e8b465ee728b)  -> (artifact id: '9ceb085332da717dd435ef0c4bb88919') in 0.115945 seconds
Number of updated asset objects reloaded before import = 0
Number of asset objects unloaded after import = 15
========================================================================
Received Import Request.
  Time since last request: 2.524997 seconds.
  path: Assets/New Prefab.prefab
  artifactKey: Guid(b2fbb6cf3d4ba22e1a0863354f205652) Importer(815301076,1909f56bfc062723c751e8b465ee728b)
Start importing Assets/New Prefab.prefab using Guid(b2fbb6cf3d4ba22e1a0863354f205652) Importer(815301076,1909f56bfc062723c751e8b465ee728b)  -> (artifact id: '1a4cf2fc288a8f81a857d53bb91591e6') in 0.162547 seconds
Number of updated asset objects reloaded before import = 0
Number of asset objects unloaded after import = 15
========================================================================
Received Import Request.
  Time since last request: 3.656772 seconds.
  path: Assets/New Prefab.prefab
  artifactKey: Guid(b2fbb6cf3d4ba22e1a0863354f205652) Importer(815301076,1909f56bfc062723c751e8b465ee728b)
Start importing Assets/New Prefab.prefab using Guid(b2fbb6cf3d4ba22e1a0863354f205652) Importer(815301076,1909f56bfc062723c751e8b465ee728b)  -> (artifact id: '8a2c80fb644f847420c1562b675949d0') in 0.113464 seconds
Number of updated asset objects reloaded before import = 0
Number of asset objects unloaded after import = 15
========================================================================
Received Prepare
Refreshing native plugins compatible for Editor in 2.46 ms, found 1 plugins.
Preloading 0 native plugins for Editor in 0.00 ms.
Unloading 6 Unused Serialized files (Serialized files now loaded: 0)
Unloading 7 unused Assets / (1.2 MB). Loaded Objects now: 4738.
Memory consumption went from 74.9 MB to 73.6 MB.
Total: 7.431726 ms (FindLiveObjects: 0.466767 ms CreateObjectMapping: 0.177934 ms MarkObjects: 6.009555 ms  DeleteObjects: 0.775567 ms)

Prepare: number of updated asset objects reloaded= 0
AssetImportParameters requested are different than current active one (requested -> active):
  custom:container-demuxer-ogg: 62fdf1f143b41e24485cea50d1cbac27 -> 
  custom:video-decoder-ogg-theora: a1e56fd34408186e4bbccfd4996cb3dc -> 
  custom:CustomObjectIndexerAttribute: 306bfa6df2d96854e1ebb52f3ddacab7 -> 
  custom:container-demuxer-webm: 4f35f7cbe854078d1ac9338744f61a02 -> 
  custom:container-muxer-webm: aa71ff27fc2769a1b78a27578f13a17b -> 
  custom:video-decoder-webm-vp8: 9c59270c3fd7afecdb556c50c9e8de78 -> 
  custom:SearchIndexIgnoredProperties: e643bd26f0fe6173181afceb89e7c659 -> 
  custom:AudioImporter_EditorPlatform: 2f0ff77a95e0ac474e3e8eeba4e2f7cb -> 
  custom:video-encoder-webm-vp8: eb34c28f22e8b96e1ab97ce403110664 -> 
  custom:audio-decoder-ogg-vorbis: bf7c407c2cedff20999df2af8eb42d56 -> 
  custom:audio-encoder-webm-vorbis: bf7c407c2cedff20999df2af8eb42d56 -> 
========================================================================
Received Import Request.
  Time since last request: 126.030850 seconds.
  path: Assets/New Prefab.prefab
  artifactKey: Guid(b2fbb6cf3d4ba22e1a0863354f205652) Importer(815301076,1909f56bfc062723c751e8b465ee728b)
Start importing Assets/New Prefab.prefab using Guid(b2fbb6cf3d4ba22e1a0863354f205652) Importer(815301076,1909f56bfc062723c751e8b465ee728b)  -> (artifact id: '77e4ae33d9dae8de4c66851c03afc5eb') in 0.118599 seconds
Number of updated asset objects reloaded before import = 0
Number of asset objects unloaded after import = 15
========================================================================
Received Prepare
Refreshing native plugins compatible for Editor in 2.43 ms, found 1 plugins.
Preloading 0 native plugins for Editor in 0.00 ms.
Unloading 6 Unused Serialized files (Serialized files now loaded: 0)
Unloading 7 unused Assets / (1.3 MB). Loaded Objects now: 4738.
Memory consumption went from 74.9 MB to 73.6 MB.
Total: 5.806153 ms (FindLiveObjects: 0.318538 ms CreateObjectMapping: 0.105268 ms MarkObjects: 4.541208 ms  DeleteObjects: 0.840057 ms)

Prepare: number of updated asset objects reloaded= 0
AssetImportParameters requested are different than current active one (requested -> active):
  custom:container-demuxer-ogg: 62fdf1f143b41e24485cea50d1cbac27 -> 
  custom:video-decoder-ogg-theora: a1e56fd34408186e4bbccfd4996cb3dc -> 
  custom:CustomObjectIndexerAttribute: 306bfa6df2d96854e1ebb52f3ddacab7 -> 
  custom:container-demuxer-webm: 4f35f7cbe854078d1ac9338744f61a02 -> 
  custom:container-muxer-webm: aa71ff27fc2769a1b78a27578f13a17b -> 
  custom:video-decoder-webm-vp8: 9c59270c3fd7afecdb556c50c9e8de78 -> 
  custom:SearchIndexIgnoredProperties: e643bd26f0fe6173181afceb89e7c659 -> 
  custom:AudioImporter_EditorPlatform: 2f0ff77a95e0ac474e3e8eeba4e2f7cb -> 
  custom:video-encoder-webm-vp8: eb34c28f22e8b96e1ab97ce403110664 -> 
  custom:audio-decoder-ogg-vorbis: bf7c407c2cedff20999df2af8eb42d56 -> 
  custom:audio-encoder-webm-vorbis: bf7c407c2cedff20999df2af8eb42d56 -> 
